<?xml version="1.0" encoding="UTF-8"?>
<!-- Generated by org.testng.reporters.JUnitReportReporter -->
<testsuite skipped="0" hostname="DESKTOP-IAHLSLS" name="testCases.SimplilearnLoginTest" tests="3" failures="0" timestamp="2022-09-18T09:44:54 IST" time="96.142" errors="0">
  <testcase name="Test1" time="33.839" classname="testCases.SimplilearnLoginTest"/>
  <system-out/>
  <testcase name="Test2" time="31.278" classname="testCases.SimplilearnLoginTest"/>
  <system-out/>
  <testcase name="Test3" time="31.025" classname="testCases.SimplilearnLoginTest"/>
  <system-out/>
</testsuite> <!-- testCases.SimplilearnLoginTest -->
