<?xml version="1.0" encoding="UTF-8"?>
<!-- Generated by org.testng.reporters.JUnitReportReporter -->
<testsuite skipped="0" hostname="DESKTOP-IAHLSLS" name="test.SimplilearnLoginTest" tests="1" failures="0" timestamp="2022-09-10T10:03:02 IST" time="34.873" errors="0">
  <testcase name="Test1" time="34.873" classname="test.SimplilearnLoginTest"/>
  <system-out/>
</testsuite> <!-- test.SimplilearnLoginTest -->
