<?xml version="1.0" encoding="UTF-8"?>
<!-- Generated by org.testng.reporters.JUnitReportReporter -->
<testsuite skipped="0" hostname="DESKTOP-IAHLSLS" name="testCases.SimplilearnLoginTest" tests="3" failures="0" timestamp="2022-09-11T11:52:57 IST" time="95.918" errors="0">
  <testcase name="Test3" time="35.196" classname="testCases.SimplilearnLoginTest"/>
  <system-out/>
  <testcase name="Test1" time="32.750" classname="testCases.SimplilearnLoginTest"/>
  <system-out/>
  <testcase name="Test2" time="27.972" classname="testCases.SimplilearnLoginTest"/>
  <system-out/>
</testsuite> <!-- testCases.SimplilearnLoginTest -->
