<?xml version="1.0" encoding="UTF-8"?>
<!-- Generated by org.testng.reporters.JUnitReportReporter -->
<testsuite skipped="0" hostname="DESKTOP-IAHLSLS" name="testCases.HomeTest" tests="1" failures="0" timestamp="2022-09-11T11:19:49 IST" time="15.749" errors="0">
  <testcase name="test1" time="15.749" classname="testCases.HomeTest"/>
  <system-out/>
</testsuite> <!-- testCases.HomeTest -->
