<?xml version="1.0" encoding="UTF-8"?>
<!-- Generated by org.testng.reporters.JUnitReportReporter -->
<testsuite skipped="0" hostname="DESKTOP-IAHLSLS" name="testCases.HomeTest" tests="1" failures="0" timestamp="2022-09-11T11:52:57 IST" time="14.796" errors="0">
  <testcase name="Test1" time="14.796" classname="testCases.HomeTest"/>
  <system-out/>
</testsuite> <!-- testCases.HomeTest -->
