<?xml version="1.0" encoding="UTF-8"?>
<!-- Generated by org.testng.reporters.JUnitReportReporter -->
<testsuite skipped="0" hostname="DESKTOP-IAHLSLS" name="testCases.SimplilearnLoginTest" tests="3" failures="0" timestamp="2022-09-11T11:24:28 IST" time="87.698" errors="0">
  <testcase name="Test2" time="29.428" classname="testCases.SimplilearnLoginTest"/>
  <system-out/>
  <testcase name="Test3" time="28.150" classname="testCases.SimplilearnLoginTest"/>
  <system-out/>
  <testcase name="Test1" time="30.120" classname="testCases.SimplilearnLoginTest"/>
  <system-out/>
</testsuite> <!-- testCases.SimplilearnLoginTest -->
