<?xml version="1.0" encoding="UTF-8"?>
<!-- Generated by org.testng.reporters.JUnitReportReporter -->
<testsuite skipped="0" hostname="DESKTOP-IAHLSLS" name="testCases.HomeTest" tests="1" failures="0" timestamp="2022-09-10T13:17:23 IST" time="11.675" errors="0">
  <testcase name="Test1" time="11.675" classname="testCases.HomeTest"/>
  <system-out/>
</testsuite> <!-- testCases.HomeTest -->
