<?xml version="1.0" encoding="UTF-8"?>
<!-- Generated by org.testng.reporters.JUnitReportReporter -->
<testsuite skipped="0" hostname="DESKTOP-IAHLSLS" name="testCases.SimplilearnLoginTest" tests="3" failures="0" timestamp="2022-09-18T12:08:07 IST" time="160.952" errors="0">
  <testcase name="Test2" time="45.399" classname="testCases.SimplilearnLoginTest"/>
  <system-out/>
  <testcase name="Test3" time="36.879" classname="testCases.SimplilearnLoginTest"/>
  <system-out/>
  <testcase name="Test1" time="78.674" classname="testCases.SimplilearnLoginTest"/>
  <system-out/>
</testsuite> <!-- testCases.SimplilearnLoginTest -->
