<?xml version="1.0" encoding="UTF-8"?>
<!-- Generated by org.testng.reporters.JUnitReportReporter -->
<testsuite skipped="0" hostname="DESKTOP-IAHLSLS" name="testCases.SimplilearnLoginTest" tests="2" failures="0" timestamp="2022-09-10T13:17:23 IST" time="42.780" errors="0">
  <testcase name="Test2" time="19.367" classname="testCases.SimplilearnLoginTest"/>
  <system-out/>
  <testcase name="Test1" time="23.413" classname="testCases.SimplilearnLoginTest"/>
  <system-out/>
</testsuite> <!-- testCases.SimplilearnLoginTest -->
